Build started 18/02/2016 15:44:38.
     1>Project "C:\Users\p4011584\Desktop\FirstDynamic\FirstDynamic\FirstDynamic.vcxproj" on node 2 (Build target(s)).
     1>ClCompile:
         C:\Program Files (x86)\Microsoft Visual Studio 12.0\VC\bin\CL.exe /c /IC:\Users\p4011584\Desktop\FirstDynamic\external/include /ZI /nologo /W3 /WX- /Od /Oy- /D WIN32 /D _DEBUG /D _CONSOLE /D _LIB /D _UNICODE /D UNICODE /EHsc /RTC1 /MTd /GS /fp:precise /Zc:wchar_t /Zc:forScope /Fo"build\Debug\\" /Fd"build\Debug\vc120.pdb" /Gd /TP /analyze- /errorReport:prompt MyView.cpp
         MyView.cpp
         No target GL version declared, defaulting to GL 3.3
       Link:
         C:\Program Files (x86)\Microsoft Visual Studio 12.0\VC\bin\link.exe /ERRORREPORT:PROMPT /OUT:"build\Debug\FirstDynamic.exe" /INCREMENTAL /NOLOGO /LIBPATH:C:\Users\p4011584\Desktop\FirstDynamic\external\lib\Win32\v120\Debug tsl.lib tygra.lib tgl.lib glfw.lib png.lib zlib.lib opengl32.lib kernel32.lib user32.lib gdi32.lib winspool.lib comdlg32.lib advapi32.lib shell32.lib ole32.lib oleaut32.lib uuid.lib odbc32.lib odbccp32.lib /MANIFEST /MANIFESTUAC:"level='asInvoker' uiAccess='false'" /manifest:embed /DEBUG /PDB:"build\Debug\FirstDynamic.pdb" /SUBSYSTEM:CONSOLE /TLBID:1 /DYNAMICBASE /NXCOMPAT /IMPLIB:"build\Debug\FirstDynamic.lib" /MACHINE:X86 build\Debug\main.obj
         build\Debug\MyController.obj
         build\Debug\MyView.obj
         FirstDynamic.vcxproj -> C:\Users\p4011584\Desktop\FirstDynamic\FirstDynamic\build\Debug\FirstDynamic.exe
       PostBuildEvent:
         xcopy /E /S /I /Y "doc" "C:\Users\p4011584\Desktop\FirstDynamic\demo"
         xcopy /E /S /I /Y "demo" "C:\Users\p4011584\Desktop\FirstDynamic\demo"
         xcopy /Y "C:\Users\p4011584\Desktop\FirstDynamic\FirstDynamic\build\Debug\FirstDynamic.exe" "C:\Users\p4011584\Desktop\FirstDynamic\demo"
         :VCEnd
         File not found - doc
         0 File(s) copied
         File not found - demo
         0 File(s) copied
         C:\Users\p4011584\Desktop\FirstDynamic\FirstDynamic\build\Debug\FirstDynamic.exe
         1 File(s) copied
     1>Done Building Project "C:\Users\p4011584\Desktop\FirstDynamic\FirstDynamic\FirstDynamic.vcxproj" (Build target(s)).

Build succeeded.

Time Elapsed 00:00:01.66
