Build started 21/01/2016 09:32:18.
     1>Project "U:\GitHub\3DGP 2015-2016\ICA1\Spice My Sponza\tygra\tygra.vcxproj" on node 2 (Build target(s)).
     1>Lib:
         tygra.vcxproj -> U:\GitHub\3DGP 2015-2016\ICA1\Spice My Sponza\tygra\lib\Win32\v120\Debug\tygra.lib
       PostBuildEvent:
         xcopy /E /S /I /Y "doc" "U:\GitHub\3DGP 2015-2016\ICA1\Spice My Sponza\external\doc"
         xcopy /E /S /I /Y "include" "U:\GitHub\3DGP 2015-2016\ICA1\Spice My Sponza\external\include"
         xcopy /E /S /I /Y "lib" "U:\GitHub\3DGP 2015-2016\ICA1\Spice My Sponza\external\lib"
         :VCEnd
         0 File(s) copied
         File not found - doc
         include\tygra\FileHelper.hpp
         include\tygra\Image.hpp
         include\tygra\Window.hpp
         include\tygra\WindowControlDelegate.hpp
         include\tygra\WindowViewDelegate.hpp
         5 File(s) copied
         lib\Win32\v120\Debug\tygra.pdb
         lib\Win32\v120\Debug\tygra.lib
         2 File(s) copied
     1>Done Building Project "U:\GitHub\3DGP 2015-2016\ICA1\Spice My Sponza\tygra\tygra.vcxproj" (Build target(s)).

Build succeeded.

Time Elapsed 00:00:01.10
