u:\github\3dgp-2015-2016\ica1\spice my sponza\spicemysponza\build\debug\vc120.pdb
u:\github\3dgp-2015-2016\ica1\spice my sponza\spicemysponza\build\debug\vc120.idb
u:\github\3dgp-2015-2016\ica1\spice my sponza\spicemysponza\build\debug\myview.obj
u:\github\3dgp-2015-2016\ica1\spice my sponza\spicemysponza\build\debug\mycontroller.obj
u:\github\3dgp-2015-2016\ica1\spice my sponza\spicemysponza\build\debug\main.obj
\\scm-home\p4011584\github\3dgp-2015-2016\ica1\spice my sponza\spicemysponza\build\debug\vc120.pdb
\\scm-home\p4011584\github\3dgp-2015-2016\ica1\spice my sponza\spicemysponza\build\debug\vc120.idb
\\scm-home\p4011584\github\3dgp-2015-2016\ica1\spice my sponza\spicemysponza\build\debug\myview.obj
\\scm-home\p4011584\github\3dgp-2015-2016\ica1\spice my sponza\spicemysponza\build\debug\mycontroller.obj
\\scm-home\p4011584\github\3dgp-2015-2016\ica1\spice my sponza\spicemysponza\build\debug\main.obj
\\scm-home\p4011584\github\3dgp-2015-2016\ica1\spice my sponza\spicemysponza\build\debug\spicemysponza.ilk
\\scm-home\p4011584\github\3dgp-2015-2016\ica1\spice my sponza\spicemysponza\build\debug\spicemysponza.exe
\\scm-home\p4011584\github\3dgp-2015-2016\ica1\spice my sponza\spicemysponza\build\debug\spicemysponza.pdb
u:\github\3dgp-2015-2016\ica1\spice my sponza\spicemysponza\build\debug\spicemysponza.ilk
u:\github\3dgp-2015-2016\ica1\spice my sponza\spicemysponza\build\debug\spicemysponza.exe
u:\github\3dgp-2015-2016\ica1\spice my sponza\spicemysponza\build\debug\spicemysponza.pdb
\\scm-home\p4011584\github\3dgp-2015-2016\ica1\spice my sponza\spicemysponza\build\debug\spicemysponza.tlog\cl.read.1.tlog
\\scm-home\p4011584\github\3dgp-2015-2016\ica1\spice my sponza\spicemysponza\build\debug\spicemysponza.tlog\cl.write.1.tlog
\\scm-home\p4011584\github\3dgp-2015-2016\ica1\spice my sponza\spicemysponza\build\debug\spicemysponza.tlog\cl.command.1.tlog
\\scm-home\p4011584\github\3dgp-2015-2016\ica1\spice my sponza\spicemysponza\build\debug\spicemysponza.tlog\link.command.1.tlog
\\scm-home\p4011584\github\3dgp-2015-2016\ica1\spice my sponza\spicemysponza\build\debug\spicemysponza.tlog\link.read.1.tlog
\\scm-home\p4011584\github\3dgp-2015-2016\ica1\spice my sponza\spicemysponza\build\debug\spicemysponza.tlog\link.write.1.tlog
