Build started 04/02/2016 12:26:24.
     1>Project "U:\GitHub\3DGP-2015-2016\ICA1\Spice My Sponza\SpiceMySponza\SpiceMySponza.vcxproj" on node 2 (Build target(s)).
     1>ClCompile:
         C:\Program Files (x86)\Microsoft Visual Studio 12.0\VC\bin\CL.exe /c /I"U:\GitHub\3DGP-2015-2016\ICA1\Spice My Sponza\external/include" /ZI /nologo /W3 /WX- /Od /Oy- /D WIN32 /D _DEBUG /D _CONSOLE /D _LIB /D _UNICODE /D UNICODE /EHsc /RTC1 /MTd /GS /fp:precise /Zc:wchar_t /Zc:forScope /Fo"build\Debug\\" /Fd"build\Debug\vc120.pdb" /Gd /TP /analyze- /errorReport:prompt MyView.cpp
         MyView.cpp
         No target GL version declared, defaulting to GL 3.3
       Link:
         C:\Program Files (x86)\Microsoft Visual Studio 12.0\VC\bin\link.exe /ERRORREPORT:PROMPT /OUT:"build\Debug\SpiceMySponza.exe" /INCREMENTAL /NOLOGO /LIBPATH:"U:\GitHub\3DGP-2015-2016\ICA1\Spice My Sponza\external\lib\Win32\v120\Debug" scenemodel.lib tcf.lib tygra.lib tgl.lib glfw.lib png.lib zlib.lib opengl32.lib kernel32.lib user32.lib gdi32.lib winspool.lib comdlg32.lib advapi32.lib shell32.lib ole32.lib oleaut32.lib uuid.lib odbc32.lib odbccp32.lib /MANIFEST /MANIFESTUAC:"level='asInvoker' uiAccess='false'" /manifest:embed /DEBUG /PDB:"build\Debug\SpiceMySponza.pdb" /SUBSYSTEM:CONSOLE /TLBID:1 /DYNAMICBASE /NXCOMPAT /IMPLIB:"build\Debug\SpiceMySponza.lib" /MACHINE:X86 build\Debug\main.obj
         build\Debug\MyController.obj
         build\Debug\MyView.obj
         SpiceMySponza.vcxproj -> U:\GitHub\3DGP-2015-2016\ICA1\Spice My Sponza\SpiceMySponza\build\Debug\SpiceMySponza.exe
       PostBuildEvent:
         xcopy /E /S /I /Y "doc" "U:\GitHub\3DGP-2015-2016\ICA1\Spice My Sponza\demo"
         xcopy /E /S /I /Y "demo" "U:\GitHub\3DGP-2015-2016\ICA1\Spice My Sponza\demo"
         xcopy /Y "U:\GitHub\3DGP-2015-2016\ICA1\Spice My Sponza\SpiceMySponza\build\Debug\SpiceMySponza.exe" "U:\GitHub\3DGP-2015-2016\ICA1\Spice My Sponza\demo"
         :VCEnd
         File not found - doc
         0 File(s) copied
         0 File(s) copied
         File not found - demo
         U:\GitHub\3DGP-2015-2016\ICA1\Spice My Sponza\SpiceMySponza\build\Debug\SpiceMySponza.exe
         1 File(s) copied
     1>Done Building Project "U:\GitHub\3DGP-2015-2016\ICA1\Spice My Sponza\SpiceMySponza\SpiceMySponza.vcxproj" (Build target(s)).

Build succeeded.

Time Elapsed 00:00:55.47
