Build started 04/02/2016 22:15:35.
     1>Project "\\scm-home\P4011584\GitHub\3DGP-2015-2016\ICA1\Spice My Sponza\SpiceMySponza\SpiceMySponza.vcxproj" on node 2 (Build target(s)).
     1>ClCompile:
         C:\Program Files (x86)\Microsoft Visual Studio 12.0\VC\bin\CL.exe /c /I"\\scm-home\P4011584\GitHub\3DGP-2015-2016\ICA1\Spice My Sponza\external/include" /Zi /nologo /W3 /WX- /O2 /Oi /Oy- /GL /D WIN32 /D NDEBUG /D _CONSOLE /D _LIB /D _UNICODE /D UNICODE /EHsc /MT /GS /Gy /fp:precise /Zc:wchar_t /Zc:forScope /Fo"build\Release\\" /Fd"build\Release\vc120.pdb" /Gd /TP /analyze- /errorReport:prompt MyController.cpp MyView.cpp
         MyController.cpp
         No target GL version declared, defaulting to GL 3.3
         MyView.cpp
         No target GL version declared, defaulting to GL 3.3
       Link:
         C:\Program Files (x86)\Microsoft Visual Studio 12.0\VC\bin\link.exe /ERRORREPORT:PROMPT /OUT:"build\Release\SpiceMySponza.exe" /INCREMENTAL:NO /NOLOGO /LIBPATH:"\\scm-home\P4011584\GitHub\3DGP-2015-2016\ICA1\Spice My Sponza\external\lib\Win32\v120\Release" scenemodel.lib tcf.lib tygra.lib tgl.lib glfw.lib png.lib zlib.lib opengl32.lib kernel32.lib user32.lib gdi32.lib winspool.lib comdlg32.lib advapi32.lib shell32.lib ole32.lib oleaut32.lib uuid.lib odbc32.lib odbccp32.lib /MANIFEST /MANIFESTUAC:"level='asInvoker' uiAccess='false'" /manifest:embed /DEBUG /PDB:"build\Release\SpiceMySponza.pdb" /SUBSYSTEM:CONSOLE /OPT:REF /OPT:ICF /LTCG /TLBID:1 /DYNAMICBASE /NXCOMPAT /IMPLIB:"build\Release\SpiceMySponza.lib" /MACHINE:X86 /SAFESEH build\Release\main.obj
         build\Release\MyController.obj
         build\Release\MyView.obj
         Generating code
         Finished generating code
         SpiceMySponza.vcxproj -> \\scm-home\P4011584\GitHub\3DGP-2015-2016\ICA1\Spice My Sponza\SpiceMySponza\build\Release\SpiceMySponza.exe
       PostBuildEvent:
         xcopy /E /S /I /Y "doc" "\\scm-home\P4011584\GitHub\3DGP-2015-2016\ICA1\Spice My Sponza\demo"
         xcopy /E /S /I /Y "demo" "\\scm-home\P4011584\GitHub\3DGP-2015-2016\ICA1\Spice My Sponza\demo"
         xcopy /Y "\\scm-home\P4011584\GitHub\3DGP-2015-2016\ICA1\Spice My Sponza\SpiceMySponza\build\Release\SpiceMySponza.exe" "\\scm-home\P4011584\GitHub\3DGP-2015-2016\ICA1\Spice My Sponza\demo"
         :VCEnd
         File not found - doc
         0 File(s) copied
         File not found - demo
         0 File(s) copied
         \\scm-home\P4011584\GitHub\3DGP-2015-2016\ICA1\Spice My Sponza\SpiceMySponza\build\Release\SpiceMySponza.exe
         1 File(s) copied
     1>Done Building Project "\\scm-home\P4011584\GitHub\3DGP-2015-2016\ICA1\Spice My Sponza\SpiceMySponza\SpiceMySponza.vcxproj" (Build target(s)).

Build succeeded.

Time Elapsed 00:00:11.88
