\\scm-home\p4011584\github\3dgp-2015-2016\ica1\spice my sponza\scenemodel\lib\win32\v120\debug\scenemodel.pdb
\\scm-home\p4011584\github\3dgp-2015-2016\ica1\spice my sponza\scenemodel\build\debug\mesh.obj
\\scm-home\p4011584\github\3dgp-2015-2016\ica1\spice my sponza\scenemodel\build\debug\material.obj
\\scm-home\p4011584\github\3dgp-2015-2016\ica1\spice my sponza\scenemodel\build\debug\light.obj
\\scm-home\p4011584\github\3dgp-2015-2016\ica1\spice my sponza\scenemodel\build\debug\instance.obj
\\scm-home\p4011584\github\3dgp-2015-2016\ica1\spice my sponza\scenemodel\build\debug\geometrybuilder.obj
\\scm-home\p4011584\github\3dgp-2015-2016\ica1\spice my sponza\scenemodel\build\debug\context.obj
\\scm-home\p4011584\github\3dgp-2015-2016\ica1\spice my sponza\scenemodel\build\debug\camera.obj
u:\github\3dgp-2015-2016\ica1\spice my sponza\scenemodel\lib\win32\v120\debug\scenemodel.pdb
u:\github\3dgp-2015-2016\ica1\spice my sponza\scenemodel\build\debug\mesh.obj
u:\github\3dgp-2015-2016\ica1\spice my sponza\scenemodel\build\debug\material.obj
u:\github\3dgp-2015-2016\ica1\spice my sponza\scenemodel\build\debug\light.obj
u:\github\3dgp-2015-2016\ica1\spice my sponza\scenemodel\build\debug\instance.obj
u:\github\3dgp-2015-2016\ica1\spice my sponza\scenemodel\build\debug\geometrybuilder.obj
u:\github\3dgp-2015-2016\ica1\spice my sponza\scenemodel\build\debug\context.obj
u:\github\3dgp-2015-2016\ica1\spice my sponza\scenemodel\build\debug\camera.obj
\\scm-home\p4011584\github\3dgp-2015-2016\ica1\spice my sponza\scenemodel\lib\win32\v120\debug\scenemodel.lib
u:\github\3dgp-2015-2016\ica1\spice my sponza\scenemodel\lib\win32\v120\debug\scenemodel.lib
\\scm-home\p4011584\github\3dgp-2015-2016\ica1\spice my sponza\scenemodel\build\debug\scenemodel.tlog\cl.read.1.tlog
\\scm-home\p4011584\github\3dgp-2015-2016\ica1\spice my sponza\scenemodel\build\debug\scenemodel.tlog\cl.write.1.tlog
\\scm-home\p4011584\github\3dgp-2015-2016\ica1\spice my sponza\scenemodel\build\debug\scenemodel.tlog\lib-link.write.1.tlog
\\scm-home\p4011584\github\3dgp-2015-2016\ica1\spice my sponza\scenemodel\build\debug\scenemodel.tlog\lib.read.1.tlog
\\scm-home\p4011584\github\3dgp-2015-2016\ica1\spice my sponza\scenemodel\build\debug\scenemodel.tlog\cl.command.1.tlog
\\scm-home\p4011584\github\3dgp-2015-2016\ica1\spice my sponza\scenemodel\build\debug\scenemodel.tlog\lib.command.1.tlog
